<?xml version="1.0" encoding="UTF-8"?>
<!-- Generated by org.testng.reporters.JUnitXMLReporter -->
<testsuite ignored="6" hostname="DELL" failures="0" tests="12" name="Test" time="0.154" errors="0" timestamp="2022-08-23T09:01:56 IST">
  <testcase classname="testngpack.GroupTestNG" name="ft1" time="0.013"/>
  <testcase classname="testngpack.GroupTestNG" name="ft2" time="0.002"/>
  <testcase classname="testngpack.GroupTestNG" name="ft3" time="0.002"/>
  <testcase classname="testngpack.GroupTestNG" name="ft4" time="0.003"/>
  <testcase classname="testngpack.GroupTestNG" name="ft5" time="0.002"/>
  <testcase classname="testngpack.GroupTestNG" name="ft6" time="0.002"/>
  <testcase classname="testngpack.GroupTestNG" name="it1" time="0.002"/>
  <testcase classname="testngpack.GroupTestNG" name="it2" time="0.003"/>
  <testcase classname="testngpack.GroupTestNG" name="it3" time="0.002"/>
  <testcase classname="testngpack.GroupTestNG" name="it4" time="0.002"/>
  <testcase classname="testngpack.GroupTestNG" name="it5" time="0.003"/>
  <testcase classname="testngpack.GroupTestNG" name="it6" time="0.002"/>
  <testcase classname="testngpack.GroupTestNG" name="st6" time="0.0">
    <ignored/>
  </testcase> <!-- st6 -->
  <testcase classname="testngpack.GroupTestNG" name="st4" time="0.0">
    <ignored/>
  </testcase> <!-- st4 -->
  <testcase classname="testngpack.GroupTestNG" name="st5" time="0.0">
    <ignored/>
  </testcase> <!-- st5 -->
  <testcase classname="testngpack.GroupTestNG" name="st2" time="0.0">
    <ignored/>
  </testcase> <!-- st2 -->
  <testcase classname="testngpack.GroupTestNG" name="st3" time="0.0">
    <ignored/>
  </testcase> <!-- st3 -->
  <testcase classname="testngpack.GroupTestNG" name="st1" time="0.0">
    <ignored/>
  </testcase> <!-- st1 -->
</testsuite> <!-- Test -->
